<?xml version="1.0" encoding="UTF-8"?>
<coverage generated="1676916331456" clover="3.2.0">
  <project timestamp="1676916331457" name="All files">
    <metrics statements="49" coveredstatements="28" conditionals="12" coveredconditionals="2" methods="16" coveredmethods="6" elements="77" coveredelements="36" complexity="0" loc="49" ncloc="49" packages="1" files="5" classes="5"/>
    <file name="DataContext.jsx" path="C:\Users\Memé\Desktop\Laboratoria\DEV001-burger-queen-api-client\src\components\DataContext.jsx">
      <metrics statements="4" coveredstatements="4" conditionals="0" coveredconditionals="0" methods="1" coveredmethods="1"/>
      <line num="3" count="1" type="stmt"/>
      <line num="6" count="1" type="stmt"/>
      <line num="8" count="1" type="stmt"/>
      <line num="10" count="1" type="stmt"/>
    </file>
    <file name="Header.jsx" path="C:\Users\Memé\Desktop\Laboratoria\DEV001-burger-queen-api-client\src\components\Header.jsx">
      <metrics statements="8" coveredstatements="6" conditionals="2" coveredconditionals="1" methods="2" coveredmethods="1"/>
      <line num="4" count="1" type="stmt"/>
      <line num="5" count="1" type="stmt"/>
      <line num="6" count="1" type="stmt"/>
      <line num="7" count="1" type="stmt"/>
      <line num="8" count="0" type="stmt"/>
      <line num="9" count="0" type="stmt"/>
      <line num="12" count="1" type="cond" truecount="1" falsecount="1"/>
      <line num="14" count="1" type="stmt"/>
    </file>
    <file name="Login.jsx" path="C:\Users\Memé\Desktop\Laboratoria\DEV001-burger-queen-api-client\src\components\Login.jsx">
      <metrics statements="23" coveredstatements="8" conditionals="10" coveredconditionals="1" methods="5" coveredmethods="1"/>
      <line num="7" count="2" type="stmt"/>
      <line num="8" count="2" type="stmt"/>
      <line num="9" count="2" type="stmt"/>
      <line num="11" count="2" type="stmt"/>
      <line num="12" count="2" type="stmt"/>
      <line num="14" count="2" type="stmt"/>
      <line num="15" count="0" type="stmt"/>
      <line num="17" count="0" type="stmt"/>
      <line num="23" count="0" type="stmt"/>
      <line num="24" count="0" type="stmt"/>
      <line num="26" count="0" type="cond" truecount="0" falsecount="2"/>
      <line num="27" count="0" type="stmt"/>
      <line num="28" count="0" type="stmt"/>
      <line num="29" count="0" type="stmt"/>
      <line num="30" count="0" type="cond" truecount="0" falsecount="2"/>
      <line num="31" count="0" type="stmt"/>
      <line num="32" count="0" type="cond" truecount="0" falsecount="2"/>
      <line num="33" count="0" type="stmt"/>
      <line num="34" count="0" type="cond" truecount="0" falsecount="2"/>
      <line num="35" count="0" type="stmt"/>
      <line num="39" count="0" type="stmt"/>
      <line num="43" count="2" type="cond" truecount="1" falsecount="1"/>
      <line num="44" count="2" type="stmt"/>
    </file>
    <file name="Products.jsx" path="C:\Users\Memé\Desktop\Laboratoria\DEV001-burger-queen-api-client\src\components\Products.jsx">
      <metrics statements="5" coveredstatements="3" conditionals="0" coveredconditionals="0" methods="4" coveredmethods="1"/>
      <line num="5" count="1" type="stmt"/>
      <line num="7" count="1" type="stmt"/>
      <line num="8" count="0" type="stmt"/>
      <line num="11" count="1" type="stmt"/>
      <line num="19" count="0" type="stmt"/>
    </file>
    <file name="useAuth.jsx" path="C:\Users\Memé\Desktop\Laboratoria\DEV001-burger-queen-api-client\src\components\useAuth.jsx">
      <metrics statements="9" coveredstatements="7" conditionals="0" coveredconditionals="0" methods="4" coveredmethods="2"/>
      <line num="4" count="2" type="stmt"/>
      <line num="7" count="3" type="stmt"/>
      <line num="8" count="3" type="stmt"/>
      <line num="12" count="3" type="stmt"/>
      <line num="14" count="3" type="stmt"/>
      <line num="15" count="0" type="stmt"/>
      <line num="17" count="3" type="stmt"/>
      <line num="18" count="0" type="stmt"/>
      <line num="20" count="3" type="stmt"/>
    </file>
  </project>
</coverage>
