{"C:\\Users\\attry\\Desktop\\DEV001-burger-queen-api-client\\src\\components\\DataContext.jsx": {"path":"C:\\Users\\attry\\Desktop\\DEV001-burger-queen-api-client\\src\\components\\DataContext.jsx","statementMap":{"0":{"start":{"line":3,"column":23},"end":{"line":3,"column":38}},"1":{"start":{"line":6,"column":28},"end":{"line":6,"column":40}},"2":{"start":{"line":7,"column":46},"end":{"line":7,"column":58}},"3":{"start":{"line":9,"column":2},"end":{"line":14,"column":3}}},"fnMap":{"0":{"name":"ProductContextProvider","decl":{"start":{"line":5,"column":16},"end":{"line":5,"column":38}},"loc":{"start":{"line":5,"column":54},"end":{"line":15,"column":1}},"line":5}},"branchMap":{},"s":{"0":1,"1":1,"2":1,"3":1},"f":{"0":1},"b":{},"_coverageSchema":"1a1c01bbd47fc00a2c39e90264f33305004495a9","hash":"530833cb0b4a87f25ccc43bd34a878d6ea0e6f39"}
,"C:\\Users\\attry\\Desktop\\DEV001-burger-queen-api-client\\src\\components\\Header.jsx": {"path":"C:\\Users\\attry\\Desktop\\DEV001-burger-queen-api-client\\src\\components\\Header.jsx","statementMap":{"0":{"start":{"line":4,"column":22},"end":{"line":21,"column":1}},"1":{"start":{"line":5,"column":21},"end":{"line":5,"column":30}},"2":{"start":{"line":6,"column":15},"end":{"line":6,"column":52}},"3":{"start":{"line":7,"column":21},"end":{"line":10,"column":3}},"4":{"start":{"line":8,"column":4},"end":{"line":8,"column":44}},"5":{"start":{"line":9,"column":4},"end":{"line":9,"column":16}},"6":{"start":{"line":12,"column":20},"end":{"line":12,"column":50}},"7":{"start":{"line":14,"column":2},"end":{"line":20,"column":3}}},"fnMap":{"0":{"name":"(anonymous_0)","decl":{"start":{"line":4,"column":22},"end":{"line":4,"column":23}},"loc":{"start":{"line":4,"column":28},"end":{"line":21,"column":1}},"line":4},"1":{"name":"(anonymous_1)","decl":{"start":{"line":7,"column":21},"end":{"line":7,"column":22}},"loc":{"start":{"line":7,"column":27},"end":{"line":10,"column":3}},"line":7}},"branchMap":{"0":{"loc":{"start":{"line":12,"column":20},"end":{"line":12,"column":50}},"type":"cond-expr","locations":[{"start":{"line":12,"column":27},"end":{"line":12,"column":37}},{"start":{"line":12,"column":40},"end":{"line":12,"column":50}}],"line":12}},"s":{"0":1,"1":1,"2":1,"3":1,"4":0,"5":0,"6":1,"7":1},"f":{"0":1,"1":0},"b":{"0":[0,1]},"_coverageSchema":"1a1c01bbd47fc00a2c39e90264f33305004495a9","hash":"6f1f8e8a0c02157ed4fec3634ce027a0fe1b43d0"}
,"C:\\Users\\attry\\Desktop\\DEV001-burger-queen-api-client\\src\\components\\Login.jsx": {"path":"C:\\Users\\attry\\Desktop\\DEV001-burger-queen-api-client\\src\\components\\Login.jsx","statementMap":{"0":{"start":{"line":6,"column":60},"end":{"line":6,"column":69}},"1":{"start":{"line":7,"column":20},"end":{"line":7,"column":29}},"2":{"start":{"line":8,"column":19},"end":{"line":8,"column":32}},"3":{"start":{"line":10,"column":28},"end":{"line":10,"column":43}},"4":{"start":{"line":12,"column":2},"end":{"line":12,"column":29}},"5":{"start":{"line":14,"column":19},"end":{"line":44,"column":3}},"6":{"start":{"line":15,"column":4},"end":{"line":15,"column":20}},"7":{"start":{"line":16,"column":4},"end":{"line":16,"column":35}},"8":{"start":{"line":18,"column":20},"end":{"line":22,"column":5}},"9":{"start":{"line":24,"column":4},"end":{"line":43,"column":5}},"10":{"start":{"line":25,"column":24},"end":{"line":25,"column":75}},"11":{"start":{"line":26,"column":23},"end":{"line":26,"column":45}},"12":{"start":{"line":28,"column":6},"end":{"line":28,"column":78}},"13":{"start":{"line":28,"column":40},"end":{"line":28,"column":78}},"14":{"start":{"line":30,"column":19},"end":{"line":30,"column":82}},"15":{"start":{"line":31,"column":6},"end":{"line":31,"column":17}},"16":{"start":{"line":33,"column":20},"end":{"line":33,"column":39}},"17":{"start":{"line":34,"column":6},"end":{"line":40,"column":7}},"18":{"start":{"line":35,"column":8},"end":{"line":35,"column":26}},"19":{"start":{"line":36,"column":13},"end":{"line":40,"column":7}},"20":{"start":{"line":37,"column":8},"end":{"line":37,"column":27}},"21":{"start":{"line":38,"column":13},"end":{"line":40,"column":7}},"22":{"start":{"line":39,"column":8},"end":{"line":39,"column":25}},"23":{"start":{"line":42,"column":6},"end":{"line":42,"column":20}},"24":{"start":{"line":46,"column":23},"end":{"line":46,"column":69}},"25":{"start":{"line":48,"column":2},"end":{"line":75,"column":3}}},"fnMap":{"0":{"name":"Login","decl":{"start":{"line":5,"column":24},"end":{"line":5,"column":29}},"loc":{"start":{"line":5,"column":54},"end":{"line":76,"column":1}},"line":5},"1":{"name":"(anonymous_1)","decl":{"start":{"line":14,"column":19},"end":{"line":14,"column":20}},"loc":{"start":{"line":14,"column":38},"end":{"line":44,"column":3}},"line":14}},"branchMap":{"0":{"loc":{"start":{"line":28,"column":6},"end":{"line":28,"column":78}},"type":"if","locations":[{"start":{"line":28,"column":6},"end":{"line":28,"column":78}},{"start":{},"end":{}}],"line":28},"1":{"loc":{"start":{"line":34,"column":6},"end":{"line":40,"column":7}},"type":"if","locations":[{"start":{"line":34,"column":6},"end":{"line":40,"column":7}},{"start":{"line":36,"column":13},"end":{"line":40,"column":7}}],"line":34},"2":{"loc":{"start":{"line":36,"column":13},"end":{"line":40,"column":7}},"type":"if","locations":[{"start":{"line":36,"column":13},"end":{"line":40,"column":7}},{"start":{"line":38,"column":13},"end":{"line":40,"column":7}}],"line":36},"3":{"loc":{"start":{"line":38,"column":13},"end":{"line":40,"column":7}},"type":"if","locations":[{"start":{"line":38,"column":13},"end":{"line":40,"column":7}},{"start":{},"end":{}}],"line":38},"4":{"loc":{"start":{"line":46,"column":23},"end":{"line":46,"column":69}},"type":"cond-expr","locations":[{"start":{"line":46,"column":31},"end":{"line":46,"column":64}},{"start":{"line":46,"column":67},"end":{"line":46,"column":69}}],"line":46}},"s":{"0":4,"1":4,"2":4,"3":4,"4":4,"5":4,"6":0,"7":0,"8":0,"9":0,"10":0,"11":0,"12":0,"13":0,"14":0,"15":0,"16":0,"17":0,"18":0,"19":0,"20":0,"21":0,"22":0,"23":0,"24":4,"25":4},"f":{"0":4,"1":0},"b":{"0":[0,0],"1":[0,0],"2":[0,0],"3":[0,0],"4":[0,4]},"_coverageSchema":"1a1c01bbd47fc00a2c39e90264f33305004495a9","hash":"47c4d3a80bdafebca9a83afc25b0a974424868c2"}
,"C:\\Users\\attry\\Desktop\\DEV001-burger-queen-api-client\\src\\components\\Products.jsx": {"path":"C:\\Users\\attry\\Desktop\\DEV001-burger-queen-api-client\\src\\components\\Products.jsx","statementMap":{"0":{"start":{"line":5,"column":30},"end":{"line":5,"column":56}},"1":{"start":{"line":7,"column":2},"end":{"line":7,"column":63}},"2":{"start":{"line":9,"column":21},"end":{"line":11,"column":3}},"3":{"start":{"line":10,"column":4},"end":{"line":10,"column":42}},"4":{"start":{"line":10,"column":22},"end":{"line":10,"column":41}},"5":{"start":{"line":13,"column":2},"end":{"line":23,"column":3}},"6":{"start":{"line":21,"column":54},"end":{"line":21,"column":87}}},"fnMap":{"0":{"name":"Products","decl":{"start":{"line":4,"column":9},"end":{"line":4,"column":17}},"loc":{"start":{"line":4,"column":74},"end":{"line":24,"column":1}},"line":4},"1":{"name":"(anonymous_1)","decl":{"start":{"line":9,"column":21},"end":{"line":9,"column":22}},"loc":{"start":{"line":9,"column":34},"end":{"line":11,"column":3}},"line":9},"2":{"name":"(anonymous_2)","decl":{"start":{"line":10,"column":13},"end":{"line":10,"column":14}},"loc":{"start":{"line":10,"column":22},"end":{"line":10,"column":41}},"line":10},"3":{"name":"(anonymous_3)","decl":{"start":{"line":21,"column":48},"end":{"line":21,"column":49}},"loc":{"start":{"line":21,"column":54},"end":{"line":21,"column":87}},"line":21}},"branchMap":{},"s":{"0":1,"1":1,"2":1,"3":0,"4":0,"5":1,"6":0},"f":{"0":1,"1":0,"2":0,"3":0},"b":{},"_coverageSchema":"1a1c01bbd47fc00a2c39e90264f33305004495a9","hash":"23421d00dfa306816218e73a7fad0e4742a569f5"}
,"C:\\Users\\attry\\Desktop\\DEV001-burger-queen-api-client\\src\\components\\useAuth.jsx": {"path":"C:\\Users\\attry\\Desktop\\DEV001-burger-queen-api-client\\src\\components\\useAuth.jsx","statementMap":{"0":{"start":{"line":4,"column":20},"end":{"line":4,"column":35}},"1":{"start":{"line":7,"column":15},"end":{"line":7,"column":38}},"2":{"start":{"line":8,"column":2},"end":{"line":8,"column":13}},"3":{"start":{"line":12,"column":26},"end":{"line":12,"column":40}},"4":{"start":{"line":14,"column":16},"end":{"line":16,"column":3}},"5":{"start":{"line":15,"column":4},"end":{"line":15,"column":17}},"6":{"start":{"line":17,"column":17},"end":{"line":19,"column":3}},"7":{"start":{"line":18,"column":4},"end":{"line":18,"column":17}},"8":{"start":{"line":20,"column":2},"end":{"line":22,"column":3}}},"fnMap":{"0":{"name":"useAuth","decl":{"start":{"line":6,"column":16},"end":{"line":6,"column":23}},"loc":{"start":{"line":6,"column":27},"end":{"line":9,"column":1}},"line":6},"1":{"name":"AuthProvider","decl":{"start":{"line":11,"column":16},"end":{"line":11,"column":28}},"loc":{"start":{"line":11,"column":44},"end":{"line":23,"column":1}},"line":11},"2":{"name":"(anonymous_2)","decl":{"start":{"line":14,"column":16},"end":{"line":14,"column":17}},"loc":{"start":{"line":14,"column":22},"end":{"line":16,"column":3}},"line":14},"3":{"name":"(anonymous_3)","decl":{"start":{"line":17,"column":17},"end":{"line":17,"column":18}},"loc":{"start":{"line":17,"column":23},"end":{"line":19,"column":3}},"line":17}},"branchMap":{},"s":{"0":2,"1":5,"2":5,"3":5,"4":5,"5":0,"6":5,"7":0,"8":5},"f":{"0":5,"1":5,"2":0,"3":0},"b":{},"_coverageSchema":"1a1c01bbd47fc00a2c39e90264f33305004495a9","hash":"de461d80682bb5330c282d4e9fd5c95e8d9a534d"}
,"C:\\Users\\attry\\Desktop\\DEV001-burger-queen-api-client\\src\\mocks\\handlers.jsx": {"path":"C:\\Users\\attry\\Desktop\\DEV001-burger-queen-api-client\\src\\mocks\\handlers.jsx","statementMap":{"0":{"start":{"line":3,"column":24},"end":{"line":18,"column":1}},"1":{"start":{"line":5,"column":4},"end":{"line":16,"column":5}}},"fnMap":{"0":{"name":"(anonymous_0)","decl":{"start":{"line":4,"column":42},"end":{"line":4,"column":43}},"loc":{"start":{"line":4,"column":61},"end":{"line":17,"column":3}},"line":4}},"branchMap":{},"s":{"0":1,"1":1},"f":{"0":1},"b":{},"_coverageSchema":"1a1c01bbd47fc00a2c39e90264f33305004495a9","hash":"50452f77edd1f93ac174129537aacfceb0509e32"}
,"C:\\Users\\attry\\Desktop\\DEV001-burger-queen-api-client\\src\\mocks\\server.js": {"path":"C:\\Users\\attry\\Desktop\\DEV001-burger-queen-api-client\\src\\mocks\\server.js","statementMap":{"0":{"start":{"line":4,"column":22},"end":{"line":4,"column":46}}},"fnMap":{},"branchMap":{},"s":{"0":1},"f":{},"b":{},"_coverageSchema":"1a1c01bbd47fc00a2c39e90264f33305004495a9","hash":"0f2f9a414264ba8804842d62953e5720c929c7b3"}
}
