{"C:\\Users\\Memé\\Desktop\\Laboratoria\\DEV001-burger-queen-api-client\\src\\components\\DataContext.jsx": {"path":"C:\\Users\\Memé\\Desktop\\Laboratoria\\DEV001-burger-queen-api-client\\src\\components\\DataContext.jsx","statementMap":{"0":{"start":{"line":3,"column":23},"end":{"line":3,"column":38}},"1":{"start":{"line":6,"column":28},"end":{"line":6,"column":40}},"2":{"start":{"line":8,"column":38},"end":{"line":8,"column":50}},"3":{"start":{"line":10,"column":2},"end":{"line":15,"column":3}}},"fnMap":{"0":{"name":"ProductContextProvider","decl":{"start":{"line":5,"column":16},"end":{"line":5,"column":38}},"loc":{"start":{"line":5,"column":54},"end":{"line":16,"column":1}},"line":5}},"branchMap":{},"s":{"0":1,"1":1,"2":1,"3":1},"f":{"0":1},"b":{},"_coverageSchema":"1a1c01bbd47fc00a2c39e90264f33305004495a9","hash":"dfbf4e7f3565b16a425be74a0b5878ce15edd56c"}
,"C:\\Users\\Memé\\Desktop\\Laboratoria\\DEV001-burger-queen-api-client\\src\\components\\Header.jsx": {"path":"C:\\Users\\Memé\\Desktop\\Laboratoria\\DEV001-burger-queen-api-client\\src\\components\\Header.jsx","statementMap":{"0":{"start":{"line":4,"column":22},"end":{"line":19,"column":1}},"1":{"start":{"line":5,"column":38},"end":{"line":5,"column":47}},"2":{"start":{"line":6,"column":21},"end":{"line":8,"column":3}},"3":{"start":{"line":7,"column":4},"end":{"line":7,"column":12}},"4":{"start":{"line":10,"column":20},"end":{"line":10,"column":61}},"5":{"start":{"line":12,"column":2},"end":{"line":18,"column":3}}},"fnMap":{"0":{"name":"(anonymous_0)","decl":{"start":{"line":4,"column":22},"end":{"line":4,"column":23}},"loc":{"start":{"line":4,"column":28},"end":{"line":19,"column":1}},"line":4},"1":{"name":"(anonymous_1)","decl":{"start":{"line":6,"column":21},"end":{"line":6,"column":22}},"loc":{"start":{"line":6,"column":27},"end":{"line":8,"column":3}},"line":6}},"branchMap":{"0":{"loc":{"start":{"line":10,"column":20},"end":{"line":10,"column":61}},"type":"cond-expr","locations":[{"start":{"line":10,"column":38},"end":{"line":10,"column":48}},{"start":{"line":10,"column":51},"end":{"line":10,"column":61}}],"line":10}},"s":{"0":1,"1":1,"2":1,"3":0,"4":1,"5":1},"f":{"0":1,"1":0},"b":{"0":[0,1]},"_coverageSchema":"1a1c01bbd47fc00a2c39e90264f33305004495a9","hash":"f426013a37665bd484778b5319f70bb1b51e314d"}
,"C:\\Users\\Memé\\Desktop\\Laboratoria\\DEV001-burger-queen-api-client\\src\\components\\Login.jsx": {"path":"C:\\Users\\Memé\\Desktop\\Laboratoria\\DEV001-burger-queen-api-client\\src\\components\\Login.jsx","statementMap":{"0":{"start":{"line":7,"column":60},"end":{"line":7,"column":69}},"1":{"start":{"line":8,"column":20},"end":{"line":8,"column":29}},"2":{"start":{"line":9,"column":19},"end":{"line":9,"column":32}},"3":{"start":{"line":11,"column":28},"end":{"line":11,"column":43}},"4":{"start":{"line":12,"column":2},"end":{"line":12,"column":29}},"5":{"start":{"line":15,"column":19},"end":{"line":42,"column":3}},"6":{"start":{"line":16,"column":4},"end":{"line":16,"column":20}},"7":{"start":{"line":18,"column":20},"end":{"line":22,"column":5}},"8":{"start":{"line":24,"column":4},"end":{"line":41,"column":7}},"9":{"start":{"line":25,"column":19},"end":{"line":25,"column":29}},"10":{"start":{"line":27,"column":8},"end":{"line":38,"column":9}},"11":{"start":{"line":28,"column":23},"end":{"line":28,"column":79}},"12":{"start":{"line":29,"column":10},"end":{"line":29,"column":21}},"13":{"start":{"line":30,"column":24},"end":{"line":30,"column":38}},"14":{"start":{"line":31,"column":10},"end":{"line":37,"column":11}},"15":{"start":{"line":32,"column":12},"end":{"line":32,"column":30}},"16":{"start":{"line":33,"column":17},"end":{"line":37,"column":11}},"17":{"start":{"line":34,"column":12},"end":{"line":34,"column":31}},"18":{"start":{"line":35,"column":17},"end":{"line":37,"column":11}},"19":{"start":{"line":36,"column":12},"end":{"line":36,"column":29}},"20":{"start":{"line":40,"column":22},"end":{"line":40,"column":36}},"21":{"start":{"line":43,"column":23},"end":{"line":43,"column":69}},"22":{"start":{"line":44,"column":2},"end":{"line":71,"column":3}}},"fnMap":{"0":{"name":"Login","decl":{"start":{"line":6,"column":24},"end":{"line":6,"column":29}},"loc":{"start":{"line":6,"column":40},"end":{"line":72,"column":1}},"line":6},"1":{"name":"(anonymous_1)","decl":{"start":{"line":15,"column":19},"end":{"line":15,"column":20}},"loc":{"start":{"line":15,"column":32},"end":{"line":42,"column":3}},"line":15},"2":{"name":"(anonymous_2)","decl":{"start":{"line":25,"column":12},"end":{"line":25,"column":13}},"loc":{"start":{"line":25,"column":19},"end":{"line":25,"column":29}},"line":25},"3":{"name":"(anonymous_3)","decl":{"start":{"line":26,"column":12},"end":{"line":26,"column":13}},"loc":{"start":{"line":26,"column":21},"end":{"line":39,"column":7}},"line":26},"4":{"name":"(anonymous_4)","decl":{"start":{"line":40,"column":13},"end":{"line":40,"column":14}},"loc":{"start":{"line":40,"column":22},"end":{"line":40,"column":36}},"line":40}},"branchMap":{"0":{"loc":{"start":{"line":27,"column":8},"end":{"line":38,"column":9}},"type":"if","locations":[{"start":{"line":27,"column":8},"end":{"line":38,"column":9}},{"start":{},"end":{}}],"line":27},"1":{"loc":{"start":{"line":31,"column":10},"end":{"line":37,"column":11}},"type":"if","locations":[{"start":{"line":31,"column":10},"end":{"line":37,"column":11}},{"start":{"line":33,"column":17},"end":{"line":37,"column":11}}],"line":31},"2":{"loc":{"start":{"line":33,"column":17},"end":{"line":37,"column":11}},"type":"if","locations":[{"start":{"line":33,"column":17},"end":{"line":37,"column":11}},{"start":{"line":35,"column":17},"end":{"line":37,"column":11}}],"line":33},"3":{"loc":{"start":{"line":35,"column":17},"end":{"line":37,"column":11}},"type":"if","locations":[{"start":{"line":35,"column":17},"end":{"line":37,"column":11}},{"start":{},"end":{}}],"line":35},"4":{"loc":{"start":{"line":43,"column":23},"end":{"line":43,"column":69}},"type":"cond-expr","locations":[{"start":{"line":43,"column":31},"end":{"line":43,"column":64}},{"start":{"line":43,"column":67},"end":{"line":43,"column":69}}],"line":43}},"s":{"0":1,"1":1,"2":1,"3":1,"4":1,"5":1,"6":0,"7":0,"8":0,"9":0,"10":0,"11":0,"12":0,"13":0,"14":0,"15":0,"16":0,"17":0,"18":0,"19":0,"20":0,"21":1,"22":1},"f":{"0":1,"1":0,"2":0,"3":0,"4":0},"b":{"0":[0,0],"1":[0,0],"2":[0,0],"3":[0,0],"4":[0,1]},"_coverageSchema":"1a1c01bbd47fc00a2c39e90264f33305004495a9","hash":"5e44adf7330e8ef2422f3fe57ea19da307a6e7c7"}
,"C:\\Users\\Memé\\Desktop\\Laboratoria\\DEV001-burger-queen-api-client\\src\\components\\Products.jsx": {"path":"C:\\Users\\Memé\\Desktop\\Laboratoria\\DEV001-burger-queen-api-client\\src\\components\\Products.jsx","statementMap":{"0":{"start":{"line":5,"column":23},"end":{"line":5,"column":49}},"1":{"start":{"line":7,"column":21},"end":{"line":9,"column":3}},"2":{"start":{"line":8,"column":4},"end":{"line":8,"column":42}},"3":{"start":{"line":8,"column":22},"end":{"line":8,"column":41}},"4":{"start":{"line":11,"column":2},"end":{"line":22,"column":3}},"5":{"start":{"line":19,"column":54},"end":{"line":19,"column":87}}},"fnMap":{"0":{"name":"Products","decl":{"start":{"line":4,"column":9},"end":{"line":4,"column":17}},"loc":{"start":{"line":4,"column":74},"end":{"line":23,"column":1}},"line":4},"1":{"name":"(anonymous_1)","decl":{"start":{"line":7,"column":21},"end":{"line":7,"column":22}},"loc":{"start":{"line":7,"column":34},"end":{"line":9,"column":3}},"line":7},"2":{"name":"(anonymous_2)","decl":{"start":{"line":8,"column":13},"end":{"line":8,"column":14}},"loc":{"start":{"line":8,"column":22},"end":{"line":8,"column":41}},"line":8},"3":{"name":"(anonymous_3)","decl":{"start":{"line":19,"column":48},"end":{"line":19,"column":49}},"loc":{"start":{"line":19,"column":54},"end":{"line":19,"column":87}},"line":19}},"branchMap":{},"s":{"0":1,"1":1,"2":0,"3":0,"4":1,"5":0},"f":{"0":1,"1":0,"2":0,"3":0},"b":{},"_coverageSchema":"1a1c01bbd47fc00a2c39e90264f33305004495a9","hash":"f7d78512879824783514245cdf5b4cde33cdf59c"}
,"C:\\Users\\Memé\\Desktop\\Laboratoria\\DEV001-burger-queen-api-client\\src\\components\\useAuth.jsx": {"path":"C:\\Users\\Memé\\Desktop\\Laboratoria\\DEV001-burger-queen-api-client\\src\\components\\useAuth.jsx","statementMap":{"0":{"start":{"line":5,"column":20},"end":{"line":5,"column":35}},"1":{"start":{"line":8,"column":15},"end":{"line":8,"column":38}},"2":{"start":{"line":9,"column":2},"end":{"line":9,"column":13}},"3":{"start":{"line":13,"column":48},"end":{"line":13,"column":62}},"4":{"start":{"line":15,"column":16},"end":{"line":17,"column":3}},"5":{"start":{"line":16,"column":4},"end":{"line":16,"column":28}},"6":{"start":{"line":18,"column":17},"end":{"line":20,"column":3}},"7":{"start":{"line":19,"column":4},"end":{"line":19,"column":29}},"8":{"start":{"line":21,"column":2},"end":{"line":23,"column":3}}},"fnMap":{"0":{"name":"useAuth","decl":{"start":{"line":7,"column":16},"end":{"line":7,"column":23}},"loc":{"start":{"line":7,"column":27},"end":{"line":10,"column":1}},"line":7},"1":{"name":"AuthProvider","decl":{"start":{"line":12,"column":16},"end":{"line":12,"column":28}},"loc":{"start":{"line":12,"column":44},"end":{"line":24,"column":1}},"line":12},"2":{"name":"(anonymous_2)","decl":{"start":{"line":15,"column":16},"end":{"line":15,"column":17}},"loc":{"start":{"line":15,"column":22},"end":{"line":17,"column":3}},"line":15},"3":{"name":"(anonymous_3)","decl":{"start":{"line":18,"column":17},"end":{"line":18,"column":18}},"loc":{"start":{"line":18,"column":23},"end":{"line":20,"column":3}},"line":18}},"branchMap":{},"s":{"0":2,"1":2,"2":2,"3":2,"4":2,"5":0,"6":2,"7":0,"8":2},"f":{"0":2,"1":2,"2":0,"3":0},"b":{},"_coverageSchema":"1a1c01bbd47fc00a2c39e90264f33305004495a9","hash":"64ebc416f12ce7e018bbf45caffbe0e9945ef8bb"}
}
