TN:
SF:src\components\DataContext.jsx
FN:5,ProductContextProvider
FNF:1
FNH:1
FNDA:1,ProductContextProvider
DA:3,1
DA:6,1
DA:8,1
DA:10,1
LF:4
LH:4
BRF:0
BRH:0
end_of_record
TN:
SF:src\components\Header.jsx
FN:4,(anonymous_0)
FN:7,(anonymous_1)
FNF:2
FNH:1
FNDA:1,(anonymous_0)
FNDA:0,(anonymous_1)
DA:4,1
DA:5,1
DA:6,1
DA:7,1
DA:8,0
DA:9,0
DA:12,1
DA:14,1
LF:8
LH:6
BRDA:12,0,0,0
BRDA:12,0,1,1
BRF:2
BRH:1
end_of_record
TN:
SF:src\components\Login.jsx
FN:5,Login
FN:13,(anonymous_1)
FN:23,(anonymous_2)
FN:24,(anonymous_3)
FN:38,(anonymous_4)
FNF:5
FNH:1
FNDA:2,Login
FNDA:0,(anonymous_1)
FNDA:0,(anonymous_2)
FNDA:0,(anonymous_3)
FNDA:0,(anonymous_4)
DA:6,2
DA:7,2
DA:8,2
DA:10,2
DA:11,2
DA:13,2
DA:14,0
DA:16,0
DA:22,0
DA:23,0
DA:25,0
DA:26,0
DA:27,0
DA:28,0
DA:29,0
DA:30,0
DA:31,0
DA:32,0
DA:33,0
DA:34,0
DA:38,0
DA:42,2
DA:43,2
LF:23
LH:8
BRDA:25,0,0,0
BRDA:25,0,1,0
BRDA:29,1,0,0
BRDA:29,1,1,0
BRDA:31,2,0,0
BRDA:31,2,1,0
BRDA:33,3,0,0
BRDA:33,3,1,0
BRDA:42,4,0,0
BRDA:42,4,1,2
BRF:10
BRH:1
end_of_record
TN:
SF:src\components\Products.jsx
FN:4,Products
FN:9,(anonymous_1)
FN:10,(anonymous_2)
FN:21,(anonymous_3)
FNF:4
FNH:1
FNDA:1,Products
FNDA:0,(anonymous_1)
FNDA:0,(anonymous_2)
FNDA:0,(anonymous_3)
DA:5,1
DA:7,1
DA:9,1
DA:10,0
DA:13,1
DA:21,0
LF:6
LH:4
BRF:0
BRH:0
end_of_record
TN:
SF:src\components\useAuth.jsx
FN:6,useAuth
FN:11,AuthProvider
FN:14,(anonymous_2)
FN:17,(anonymous_3)
FNF:4
FNH:2
FNDA:3,useAuth
FNDA:3,AuthProvider
FNDA:0,(anonymous_2)
FNDA:0,(anonymous_3)
DA:4,2
DA:7,3
DA:8,3
DA:12,3
DA:14,3
DA:15,0
DA:17,3
DA:18,0
DA:20,3
LF:9
LH:7
BRF:0
BRH:0
end_of_record
TN:
SF:src\mocks\handlers.jsx
FN:4,(anonymous_0)
FNF:1
FNH:1
FNDA:1,(anonymous_0)
DA:3,1
DA:5,1
LF:2
LH:2
BRF:0
BRH:0
end_of_record
TN:
SF:src\mocks\server.js
FNF:0
FNH:0
DA:4,1
LF:1
LH:1
BRF:0
BRH:0
end_of_record
