TN:
SF:src\components\Header.jsx
FN:4,(anonymous_0)
FN:7,(anonymous_1)
FNF:2
FNH:1
FNDA:1,(anonymous_0)
FNDA:0,(anonymous_1)
DA:4,1
DA:5,1
DA:6,1
DA:7,1
DA:8,0
DA:9,0
DA:12,1
DA:14,1
LF:8
LH:6
BRDA:12,0,0,0
BRDA:12,0,1,1
BRF:2
BRH:1
end_of_record
TN:
SF:src\components\Login.jsx
FN:5,Login
FN:16,(anonymous_1)
FNF:2
FNH:1
FNDA:3,Login
FNDA:0,(anonymous_1)
DA:6,3
DA:7,3
DA:8,3
DA:10,3
DA:12,3
DA:14,3
DA:16,3
DA:17,0
DA:18,0
DA:19,0
DA:25,0
DA:26,0
DA:27,0
DA:29,0
DA:31,0
DA:32,0
DA:34,0
DA:35,0
DA:36,0
DA:37,0
DA:38,0
DA:39,0
DA:40,0
DA:43,0
DA:47,3
DA:49,3
LF:26
LH:9
BRDA:29,0,0,0
BRDA:29,0,1,0
BRDA:35,1,0,0
BRDA:35,1,1,0
BRDA:37,2,0,0
BRDA:37,2,1,0
BRDA:39,3,0,0
BRDA:39,3,1,0
BRDA:47,4,0,0
BRDA:47,4,1,3
BRF:10
BRH:1
end_of_record
TN:
SF:src\components\useAuth.jsx
FN:6,useAuth
FN:11,AuthProvider
FN:14,(anonymous_2)
FN:17,(anonymous_3)
FNF:4
FNH:2
FNDA:4,useAuth
FNDA:4,AuthProvider
FNDA:0,(anonymous_2)
FNDA:0,(anonymous_3)
DA:4,2
DA:7,4
DA:8,4
DA:12,4
DA:14,4
DA:15,0
DA:17,4
DA:18,0
DA:20,4
LF:9
LH:7
BRF:0
BRH:0
end_of_record
TN:
SF:src\mocks\server.js
FNF:0
FNH:0
DA:4,1
LF:1
LH:1
BRF:0
BRH:0
end_of_record
